<?xml version="1.0" encoding="UTF-8"?>
<testsuite xmlns:xsi="http://www.w3.org/2001/XMLSchema-instance" xsi:noNamespaceSchemaLocation="https://maven.apache.org/surefire/maven-surefire-plugin/xsd/surefire-test-report-3.0.xsd" version="3.0" name="calcinterest.CalcInterestTest" time="0.13" tests="72" errors="0" skipped="0" failures="0">
  <properties>
[...]
</properties>
  <testcase name="testCase_10" classname="calcinterest.CalcInterestTest" time="0.006"/>
  <testcase name="testCase_11" classname="calcinterest.CalcInterestTest" time="0.0"/>
  <testcase name="testCase_12" classname="calcinterest.CalcInterestTest" time="0.0"/>
  <testcase name="testCase_13" classname="calcinterest.CalcInterestTest" time="0.0"/>
  <testcase name="testCase_14" classname="calcinterest.CalcInterestTest" time="0.0"/>
  <testcase name="testCase_15" classname="calcinterest.CalcInterestTest" time="0.0"/>
  <testcase name="testCase_16" classname="calcinterest.CalcInterestTest" time="0.0"/>
  <testcase name="testCase_21" classname="calcinterest.CalcInterestTest" time="0.0"/>
  <testcase name="testCase_22" classname="calcinterest.CalcInterestTest" time="0.0"/>
  <testcase name="testCase_23" classname="calcinterest.CalcInterestTest" time="0.0"/>
  <testcase name="testCase_24" classname="calcinterest.CalcInterestTest" time="0.0"/>
  <testcase name="testCase_25" classname="calcinterest.CalcInterestTest" time="0.0"/>
  <testcase name="testCase_26" classname="calcinterest.CalcInterestTest" time="0.0"/>
  <testcase name="testCase_27" classname="calcinterest.CalcInterestTest" time="0.0"/>
  <testcase name="testCase_28" classname="calcinterest.CalcInterestTest" time="0.0"/>
  <testcase name="testCase_29" classname="calcinterest.CalcInterestTest" time="0.0"/>
  <testcase name="testCase_30" classname="calcinterest.CalcInterestTest" time="0.0"/>
  <testcase name="testCase_31" classname="calcinterest.CalcInterestTest" time="0.0"/>
  <testcase name="testCase_32" classname="calcinterest.CalcInterestTest" time="0.0"/>
  <testcase name="testCase_33" classname="calcinterest.CalcInterestTest" time="0.0"/>
  <testcase name="testCase_34" classname="calcinterest.CalcInterestTest" time="0.0"/>
  <testcase name="testCase_35" classname="calcinterest.CalcInterestTest" time="0.0"/>
  <testcase name="testCase_36" classname="calcinterest.CalcInterestTest" time="0.0"/>
  <testcase name="testCase_37" classname="calcinterest.CalcInterestTest" time="0.0"/>
  <testcase name="testCase_38" classname="calcinterest.CalcInterestTest" time="0.002"/>
  <testcase name="testCase_39" classname="calcinterest.CalcInterestTest" time="0.0"/>
  <testcase name="testCase_40" classname="calcinterest.CalcInterestTest" time="0.0"/>
  <testcase name="testCase_41" classname="calcinterest.CalcInterestTest" time="0.0"/>
  <testcase name="testCase_42" classname="calcinterest.CalcInterestTest" time="0.0"/>
  <testcase name="testCase_43" classname="calcinterest.CalcInterestTest" time="0.0"/>
  <testcase name="testCase_44" classname="calcinterest.CalcInterestTest" time="0.0"/>
  <testcase name="testCase_45" classname="calcinterest.CalcInterestTest" time="0.0"/>
  <testcase name="testCase_46" classname="calcinterest.CalcInterestTest" time="0.0"/>
  <testcase name="testCase_47" classname="calcinterest.CalcInterestTest" time="0.0"/>
  <testcase name="testCase_48" classname="calcinterest.CalcInterestTest" time="0.002"/>
  <testcase name="testCase_49" classname="calcinterest.CalcInterestTest" time="0.0"/>
  <testcase name="testCase_50" classname="calcinterest.CalcInterestTest" time="0.0"/>
  <testcase name="testCase_51" classname="calcinterest.CalcInterestTest" time="0.0"/>
  <testcase name="testCase_52" classname="calcinterest.CalcInterestTest" time="0.0"/>
  <testcase name="testCase_53" classname="calcinterest.CalcInterestTest" time="0.0"/>
  <testcase name="testCase_54" classname="calcinterest.CalcInterestTest" time="0.0"/>
  <testcase name="testCase_55" classname="calcinterest.CalcInterestTest" time="0.0"/>
  <testcase name="testCase_56" classname="calcinterest.CalcInterestTest" time="0.0"/>
  <testcase name="testCase_57" classname="calcinterest.CalcInterestTest" time="0.002"/>
  <testcase name="testCase_58" classname="calcinterest.CalcInterestTest" time="0.001"/>
  <testcase name="testCase_59" classname="calcinterest.CalcInterestTest" time="0.0"/>
  <testcase name="testCase_60" classname="calcinterest.CalcInterestTest" time="0.0"/>
  <testcase name="testCase_61" classname="calcinterest.CalcInterestTest" time="0.0"/>
  <testcase name="testCase_62" classname="calcinterest.CalcInterestTest" time="0.0"/>
  <testcase name="testCase_63" classname="calcinterest.CalcInterestTest" time="0.0"/>
  <testcase name="testCase_64" classname="calcinterest.CalcInterestTest" time="0.001"/>
  <testcase name="testCase_65" classname="calcinterest.CalcInterestTest" time="0.0"/>
  <testcase name="testCase_66" classname="calcinterest.CalcInterestTest" time="0.0"/>
  <testcase name="testCase_67" classname="calcinterest.CalcInterestTest" time="0.0"/>
  <testcase name="testCase_68" classname="calcinterest.CalcInterestTest" time="0.0"/>
  <testcase name="testCase_69" classname="calcinterest.CalcInterestTest" time="0.0"/>
  <testcase name="testCase_70" classname="calcinterest.CalcInterestTest" time="0.005"/>
  <testcase name="testCase_71" classname="calcinterest.CalcInterestTest" time="0.0"/>
  <testcase name="testCase_72" classname="calcinterest.CalcInterestTest" time="0.0"/>
  <testcase name="testCase_73" classname="calcinterest.CalcInterestTest" time="0.0"/>
  <testcase name="testCase_74" classname="calcinterest.CalcInterestTest" time="0.0"/>
  <testcase name="testCase_75" classname="calcinterest.CalcInterestTest" time="0.0"/>
  <testcase name="testCase_76" classname="calcinterest.CalcInterestTest" time="0.0"/>
  <testcase name="testCase_1" classname="calcinterest.CalcInterestTest" time="0.0"/>
  <testcase name="testCase_2" classname="calcinterest.CalcInterestTest" time="0.0"/>
  <testcase name="testCase_3" classname="calcinterest.CalcInterestTest" time="0.0"/>
  <testcase name="testCase_4" classname="calcinterest.CalcInterestTest" time="0.002"/>
  <testcase name="testCase_5" classname="calcinterest.CalcInterestTest" time="0.0"/>
  <testcase name="testCase_6" classname="calcinterest.CalcInterestTest" time="0.0"/>
  <testcase name="testCase_7" classname="calcinterest.CalcInterestTest" time="0.0"/>
  <testcase name="testCase_8" classname="calcinterest.CalcInterestTest" time="0.001"/>
  <testcase name="testCase_9" classname="calcinterest.CalcInterestTest" time="0.0"/>
</testsuite>